<?xml version="1.0" encoding="UTF-8"?>
<testng-results ignored="0" total="3" passed="3" failed="0" skipped="0">
  <reporter-output>
  </reporter-output>
  <suite started-at="2022-03-05T09:22:32 IST" name="Default suite" finished-at="2022-03-05T09:25:06 IST" duration-ms="154528">
    <groups>
    </groups>
    <test started-at="2022-03-05T09:22:32 IST" name="Default test" finished-at="2022-03-05T09:25:06 IST" duration-ms="154528">
      <class name="param.dataproviderdemo.com.TestCaseLogin">
        <test-method signature="Loginvalidation(java.lang.String,java.lang.String)[pri:0, instance:param.dataproviderdemo.com.TestCaseLogin@25fb8912]" started-at="2022-03-05T09:22:32 IST" name="Loginvalidation" data-provider="Testdata" finished-at="2022-03-05T09:24:10 IST" duration-ms="97987" status="PASS">
          <params>
            <param index="0">
              <value>
                <![CDATA[vasuvespag]]>
              </value>
            </param>
            <param index="1">
              <value>
                <![CDATA[Vasu1234]]>
              </value>
            </param>
          </params>
          <reporter-output>
          </reporter-output>
        </test-method> <!-- Loginvalidation -->
        <test-method signature="Loginvalidation(java.lang.String,java.lang.String)[pri:0, instance:param.dataproviderdemo.com.TestCaseLogin@25fb8912]" started-at="2022-03-05T09:24:10 IST" name="Loginvalidation" data-provider="Testdata" finished-at="2022-03-05T09:24:36 IST" duration-ms="26828" status="PASS">
          <params>
            <param index="0">
              <value>
                <![CDATA[capgemini1]]>
              </value>
            </param>
            <param index="1">
              <value>
                <![CDATA[capgemini1]]>
              </value>
            </param>
          </params>
          <reporter-output>
          </reporter-output>
        </test-method> <!-- Loginvalidation -->
        <test-method signature="Loginvalidation(java.lang.String,java.lang.String)[pri:0, instance:param.dataproviderdemo.com.TestCaseLogin@25fb8912]" started-at="2022-03-05T09:24:36 IST" name="Loginvalidation" data-provider="Testdata" finished-at="2022-03-05T09:25:06 IST" duration-ms="29615" status="PASS">
          <params>
            <param index="0">
              <value>
                <![CDATA[capgemini2]]>
              </value>
            </param>
            <param index="1">
              <value>
                <![CDATA[capgemini2]]>
              </value>
            </param>
          </params>
          <reporter-output>
          </reporter-output>
        </test-method> <!-- Loginvalidation -->
      </class> <!-- param.dataproviderdemo.com.TestCaseLogin -->
    </test> <!-- Default test -->
  </suite> <!-- Default suite -->
</testng-results>
