<?xml version="1.0" encoding="UTF-8"?>
<!-- Generated by org.testng.reporters.JUnitXMLReporter -->
<testsuite ignored="2" hostname="LAPTOP-CPGVT3QT" failures="0" tests="1" name="Page Object Model Project" time="2.768" errors="0" timestamp="2020-11-26T17:54:28 IST">
  <testcase classname="com.PageObjectModelwithPF.TestHotelAppTest" name="init" time="2.675"/>
  <testcase classname="com.PageObjectModelwithPF.HotelAppTest" name="@BeforeSuite initialize" time="0.0">
    <ignored/>
  </testcase> <!-- @BeforeSuite initialize -->
  <testcase classname="com.PageObjectModelwithPF.HotelAppTest" name="@AfterSuite TeardownTest" time="0.0">
    <ignored/>
  </testcase> <!-- @AfterSuite TeardownTest -->
</testsuite> <!-- Page Object Model Project -->
