<?xml version="1.0" encoding="UTF-8"?>
<testng-results ignored="2" total="3" passed="1" failed="0" skipped="0">
  <reporter-output>
  </reporter-output>
  <suite started-at="2020-11-26T17:54:25 IST" name="Test Suite" finished-at="2020-11-26T17:54:28 IST" duration-ms="2768">
    <groups>
    </groups>
    <test started-at="2020-11-26T17:54:25 IST" name="Page Object Model Project" finished-at="2020-11-26T17:54:28 IST" duration-ms="2768">
      <class name="com.PageObjectModelwithPF.TestHotelAppTest">
        <test-method signature="init()[pri:0, instance:com.PageObjectModelwithPF.TestHotelAppTest@9cb8225]" started-at="2020-11-26T17:54:25 IST" name="init" finished-at="2020-11-26T17:54:28 IST" duration-ms="2675" status="PASS">
          <reporter-output>
          </reporter-output>
        </test-method> <!-- init -->
      </class> <!-- com.PageObjectModelwithPF.TestHotelAppTest -->
      <class name="com.PageObjectModelwithPF.HotelAppTest">
        <test-method is-config="true" signature="initialize()[pri:0, instance:com.PageObjectModelwithPF.HotelAppTest@4149c063]" started-at="2020-11-26T17:54:13 IST" name="initialize" finished-at="2020-11-26T17:54:25 IST" duration-ms="12521" status="PASS">
          <reporter-output>
          </reporter-output>
        </test-method> <!-- initialize -->
        <test-method is-config="true" signature="TeardownTest()[pri:0, instance:com.PageObjectModelwithPF.HotelAppTest@4149c063]" started-at="2020-11-26T17:54:28 IST" name="TeardownTest" finished-at="2020-11-26T17:54:30 IST" duration-ms="1391" status="PASS">
          <reporter-output>
          </reporter-output>
        </test-method> <!-- TeardownTest -->
      </class> <!-- com.PageObjectModelwithPF.HotelAppTest -->
    </test> <!-- Page Object Model Project -->
  </suite> <!-- Test Suite -->
</testng-results>
