<?xml version="1.0" encoding="UTF-8"?>
<testng-results ignored="0" total="1" passed="1" failed="0" skipped="0">
  <reporter-output>
  </reporter-output>
  <suite started-at="2020-11-26T17:53:49 IST" name="Surefire suite" finished-at="2020-11-26T17:53:49 IST" duration-ms="245">
    <groups>
    </groups>
    <test started-at="2020-11-26T17:53:49 IST" name="Surefire test" finished-at="2020-11-26T17:53:49 IST" duration-ms="245">
      <class name="com.PageObjectModelwithPF.AppTest">
        <test-method signature="shouldAnswerWithTrue()" started-at="2020-11-26T17:53:49 IST" name="shouldAnswerWithTrue" finished-at="2020-11-26T17:53:49 IST" duration-ms="27" status="PASS">
          <reporter-output>
          </reporter-output>
        </test-method> <!-- shouldAnswerWithTrue -->
      </class> <!-- com.PageObjectModelwithPF.AppTest -->
    </test> <!-- Surefire test -->
  </suite> <!-- Surefire suite -->
</testng-results>
