<?xml version="1.0" encoding="UTF-8"?>
<!-- Generated by org.testng.reporters.JUnitXMLReporter -->
<testsuite ignored="0" hostname="DESKTOP-GHSQ22K" failures="0" tests="9" name="Default test" time="89.996" errors="0" timestamp="2021-03-31T16:44:32 IST">
  <testcase classname="Mini_Project.Hotel_Availability" name="invoke" time="7.599"/>
  <testcase classname="Mini_Project.Hotel_Availability" name="verifycity" time="4.162"/>
  <testcase classname="Mini_Project.Hotel_Availability" name="check_in_date" time="4.128"/>
  <testcase classname="Mini_Project.Hotel_Availability" name="check_out_date" time="1.122"/>
  <testcase classname="Mini_Project.Hotel_Availability" name="verify_persons_and_rooms" time="4.96"/>
  <testcase classname="Mini_Project.Hotel_Availability" name="search" time="3.856"/>
  <testcase classname="Mini_Project.Hotel_Availability" name="display_hotels" time="9.996"/>
  <testcase classname="Mini_Project.Hotel_Availability" name="sort_rating" time="0.771"/>
  <testcase classname="Mini_Project.Hotel_Availability" name="validate_city" time="47.907"/>
</testsuite> <!-- Default test -->
