<?xml version="1.0" encoding="UTF-8"?>
<!-- Generated by org.testng.reporters.JUnitXMLReporter -->
<testsuite ignored="0" hostname="DESKTOP-GHSQ22K" failures="0" tests="9" name="Test" time="0.067" errors="0" timestamp="2021-03-31T14:57:14 IST">
  <testcase classname="Mini_Project.Hotel_Availability" name="@BeforeClass data" time="-1.617182833946E9">
    <failure type="org.testng.TestNGException" message="
Can inject only one of &amp;lt;ITestContext, XmlTest&amp;gt; into a @BeforeClass annotated data.
For more information on native dependency injection please refer to https://testng.org/doc/documentation-main.html#native-dependency-injection">
      <![CDATA[org.testng.TestNGException: 
Can inject only one of <ITestContext, XmlTest> into a @BeforeClass annotated data.
For more information on native dependency injection please refer to https://testng.org/doc/documentation-main.html#native-dependency-injection
at java.base/java.util.ArrayList.forEach(ArrayList.java:1511)
... Removed 22 stack frames]]>
    </failure>
  </testcase> <!-- @BeforeClass data -->
  <testcase classname="Mini_Project.Hotel_Availability" name="@AfterClass close" time="-1.617182833998E9">
    <skipped/>
  </testcase> <!-- @AfterClass close -->
  <testcase classname="Mini_Project.Hotel_Availability" name="invoke" time="0.0">
    <skipped/>
  </testcase> <!-- invoke -->
  <testcase classname="Mini_Project.Hotel_Availability" name="verifycity" time="0.0">
    <skipped/>
  </testcase> <!-- verifycity -->
  <testcase classname="Mini_Project.Hotel_Availability" name="check_in_date" time="0.0">
    <skipped/>
  </testcase> <!-- check_in_date -->
  <testcase classname="Mini_Project.Hotel_Availability" name="check_out_date" time="0.0">
    <skipped/>
  </testcase> <!-- check_out_date -->
  <testcase classname="Mini_Project.Hotel_Availability" name="verify_persons_and_rooms" time="0.0">
    <skipped/>
  </testcase> <!-- verify_persons_and_rooms -->
  <testcase classname="Mini_Project.Hotel_Availability" name="search" time="0.0">
    <skipped/>
  </testcase> <!-- search -->
  <testcase classname="Mini_Project.Hotel_Availability" name="display_hotels" time="0.0">
    <skipped/>
  </testcase> <!-- display_hotels -->
  <testcase classname="Mini_Project.Hotel_Availability" name="sort_rating" time="0.0">
    <skipped/>
  </testcase> <!-- sort_rating -->
  <testcase classname="Mini_Project.Hotel_Availability" name="validate_city" time="0.0">
    <skipped/>
  </testcase> <!-- validate_city -->
</testsuite> <!-- Test -->
