<?xml version="1.0" encoding="UTF-8"?>
<testng-results total="1" passed="1" failed="0" skipped="0">
  <reporter-output>
  </reporter-output>
  <suite started-at="2020-11-24T06:48:57Z" name="Surefire suite" finished-at="2020-11-24T06:48:57Z" duration-ms="321">
    <groups>
    </groups>
    <test started-at="2020-11-24T06:48:57Z" name="Surefire test" finished-at="2020-11-24T06:48:57Z" duration-ms="321">
      <class name="com.CucumberBDDFlow.AppTest">
        <test-method signature="shouldAnswerWithTrue()[pri:0, instance:shouldAnswerWithTrue(com.CucumberBDDFlow.AppTest)]" started-at="2020-11-24T12:18:57Z" name="shouldAnswerWithTrue" finished-at="2020-11-24T12:18:57Z" duration-ms="8" status="PASS">
          <reporter-output>
          </reporter-output>
        </test-method> <!-- shouldAnswerWithTrue -->
      </class> <!-- com.CucumberBDDFlow.AppTest -->
    </test> <!-- Surefire test -->
  </suite> <!-- Surefire suite -->
</testng-results>
