<?xml version="1.0" encoding="UTF-8"?>
<!-- Generated by org.testng.reporters.JUnitXMLReporter -->
<testsuite ignored="2" hostname="LAPTOP-CPGVT3QT" failures="0" tests="1" name="Surefire test" time="4.323" errors="0" timestamp="2020-11-26T17:53:41 IST">
  <testcase classname="com.PageObjectModelwithPF.TestHotelAppTest" name="init" time="4.119"/>
  <testcase classname="com.PageObjectModelwithPF.HotelAppTest" name="@BeforeSuite initialize" time="0.0">
    <ignored/>
  </testcase> <!-- @BeforeSuite initialize -->
  <testcase classname="com.PageObjectModelwithPF.HotelAppTest" name="@AfterSuite TeardownTest" time="0.0">
    <ignored/>
  </testcase> <!-- @AfterSuite TeardownTest -->
</testsuite> <!-- Surefire test -->
