<?xml version="1.0" encoding="UTF-8"?>
<testng-results ignored="0" total="0" passed="0" failed="0" skipped="0">
  <reporter-output>
  </reporter-output>
  <suite started-at="2020-11-24T14:13:22 IST" name="Test CucumberBDDFlow" finished-at="2020-11-24T14:13:22 IST" duration-ms="21">
    <groups>
    </groups>
    <test started-at="2020-11-24T14:13:22 IST" name="CucumberBDDFlow" finished-at="2020-11-24T14:13:22 IST" duration-ms="21">
    </test> <!-- CucumberBDDFlow -->
  </suite> <!-- Test CucumberBDDFlow -->
</testng-results>
