<?xml version="1.0" encoding="UTF-8"?>
<!-- Generated by org.testng.reporters.JUnitXMLReporter -->
<testsuite ignored="0" hostname="DESKTOP-UNGV2NE" failures="0" tests="3" name="Default test" time="154.528" errors="0" timestamp="2022-03-05T09:25:07 IST">
  <testcase classname="param.dataproviderdemo.com.TestCaseLogin" name="Loginvalidation" time="97.987"/>
  <testcase classname="param.dataproviderdemo.com.TestCaseLogin" name="Loginvalidation" time="26.828"/>
  <testcase classname="param.dataproviderdemo.com.TestCaseLogin" name="Loginvalidation" time="29.615"/>
</testsuite> <!-- Default test -->
