<?xml version="1.0" encoding="UTF-8" standalone="no"?>
<testsuite errors="0" failures="0" name="io.cucumber.core.plugin.JUnitFormatter" skipped="0" tests="2" time="0.515">
<testcase classname="Test Tagged Hooks" name="This is Second Scenario" time="0.121">
<system-out><![CDATA[Given this is the precon first step.........................................passed
When this is the precon second step.........................................passed
Then this is the precon third step..........................................passed
Given this is the first step................................................passed
When this is the second step................................................passed
Then this is the third step.................................................passed
]]></system-out>
</testcase>
<testcase classname="Test Tagged Hooks" name="This is Third Scenario" time="0.006">
<system-out><![CDATA[Given this is the precon first step.........................................passed
When this is the precon second step.........................................passed
Then this is the precon third step..........................................passed
Given this is the first step................................................passed
When this is the second step................................................passed
Then this is the third step.................................................passed
]]></system-out>
</testcase>
</testsuite>
